Arguments: 
  /usr/local/bin/node /usr/local/Cellar/yarn/1.16.0/libexec/bin/yarn.js add expo-firebase-app

PATH: 
  /anaconda3/bin:/anaconda3/condabin:/Library/Frameworks/Python.framework/Versions/3.7/bin:/usr/local/bin:/usr/bin:/bin:/usr/sbin:/sbin:/usr/local/MacGPG2/bin

Yarn version: 
  1.16.0

Node version: 
  10.15.0

Platform: 
  darwin x64

Trace: 
  Error: EACCES: permission denied, mkdir '/Users/jeremy/PROJET_IPSSI/AllForOne/src/node_modules/@babel/register/node_modules/core-js'

npm manifest: 
  {
    "name": "allforone",
    "version": "0.0.0",
    "description": "No description",
    "author": null,
    "private": true,
    "main": "node_modules/expo/AppEntry.js",
    "dependencies": {
      "expo": "^32.0.0",
      "react": "16.5.0",
      "react-native": "https://github.com/expo/react-native/archive/sdk-32.0.0.tar.gz",
      "firebase": "6.1.1",
      "prop-types": "15.7.2",
      "react-native-calendars": "1.32.0",
      "react-native-elements": "1.1.0",
      "react-native-paper": "2.2.8",
      "react-native-picker-modal-view": "1.2.2",
      "react-native-selectme": "1.2.3",
      "react-native-slideable-calendar-strip": "0.3.2",
      "react-native-vector-icons": "6.4.2",
      "react-navigation": "3.5.1"
    }
  }

yarn manifest: 
  No manifest

Lockfile: 
  No lockfile
